[2020-08-20 22:05:48] local.ERROR: Class 'Rebing\GraphQL\GraphQLServiceProvider' not found {"exception":"[object] (Symfony\\Component\\Debug\\Exception\\FatalThrowableError(code: 0): Class 'Rebing\\GraphQL\\GraphQLServiceProvider' not found at C:\\wamp64\\www\\midas\\vendor\\laravel\\framework\\src\\Illuminate\\Foundation\\ProviderRepository.php:208)
[stacktrace]
#0 C:\\wamp64\\www\\midas\\vendor\\laravel\\framework\\src\\Illuminate\\Foundation\\ProviderRepository.php(144): Illuminate\\Foundation\\ProviderRepository->createProvider('Rebing\\\\GraphQL\\\\...')
#1 C:\\wamp64\\www\\midas\\vendor\\laravel\\framework\\src\\Illuminate\\Foundation\\ProviderRepository.php(61): Illuminate\\Foundation\\ProviderRepository->compileManifest(Array)
#2 C:\\wamp64\\www\\midas\\vendor\\laravel\\framework\\src\\Illuminate\\Foundation\\Application.php(584): Illuminate\\Foundation\\ProviderRepository->load(Array)
#3 C:\\wamp64\\www\\midas\\vendor\\laravel\\framework\\src\\Illuminate\\Foundation\\Bootstrap\\RegisterProviders.php(17): Illuminate\\Foundation\\Application->registerConfiguredProviders()
#4 C:\\wamp64\\www\\midas\\vendor\\laravel\\framework\\src\\Illuminate\\Foundation\\Application.php(210): Illuminate\\Foundation\\Bootstrap\\RegisterProviders->bootstrap(Object(Illuminate\\Foundation\\Application))
#5 C:\\wamp64\\www\\midas\\vendor\\laravel\\framework\\src\\Illuminate\\Foundation\\Console\\Kernel.php(322): Illuminate\\Foundation\\Application->bootstrapWith(Array)
#6 C:\\wamp64\\www\\midas\\vendor\\laravel\\framework\\src\\Illuminate\\Foundation\\Console\\Kernel.php(131): Illuminate\\Foundation\\Console\\Kernel->bootstrap()
#7 C:\\wamp64\\www\\midas\\artisan(37): Illuminate\\Foundation\\Console\\Kernel->handle(Object(Symfony\\Component\\Console\\Input\\ArgvInput), Object(Symfony\\Component\\Console\\Output\\ConsoleOutput))
#8 {main}
"} 
[2020-08-20 22:31:29] local.ERROR: Class 'Biscolab\ReCaptcha\ReCaptchaServiceProvider' not found {"exception":"[object] (Symfony\\Component\\Debug\\Exception\\FatalThrowableError(code: 0): Class 'Biscolab\\ReCaptcha\\ReCaptchaServiceProvider' not found at C:\\wamp64\\www\\midas\\vendor\\laravel\\framework\\src\\Illuminate\\Foundation\\ProviderRepository.php:208)
[stacktrace]
#0 C:\\wamp64\\www\\midas\\vendor\\laravel\\framework\\src\\Illuminate\\Foundation\\ProviderRepository.php(144): Illuminate\\Foundation\\ProviderRepository->createProvider('Biscolab\\\\ReCapt...')
#1 C:\\wamp64\\www\\midas\\vendor\\laravel\\framework\\src\\Illuminate\\Foundation\\ProviderRepository.php(61): Illuminate\\Foundation\\ProviderRepository->compileManifest(Array)
#2 C:\\wamp64\\www\\midas\\vendor\\laravel\\framework\\src\\Illuminate\\Foundation\\Application.php(584): Illuminate\\Foundation\\ProviderRepository->load(Array)
#3 C:\\wamp64\\www\\midas\\vendor\\laravel\\framework\\src\\Illuminate\\Foundation\\Bootstrap\\RegisterProviders.php(17): Illuminate\\Foundation\\Application->registerConfiguredProviders()
#4 C:\\wamp64\\www\\midas\\vendor\\laravel\\framework\\src\\Illuminate\\Foundation\\Application.php(210): Illuminate\\Foundation\\Bootstrap\\RegisterProviders->bootstrap(Object(Illuminate\\Foundation\\Application))
#5 C:\\wamp64\\www\\midas\\vendor\\laravel\\framework\\src\\Illuminate\\Foundation\\Console\\Kernel.php(322): Illuminate\\Foundation\\Application->bootstrapWith(Array)
#6 C:\\wamp64\\www\\midas\\vendor\\laravel\\framework\\src\\Illuminate\\Foundation\\Console\\Kernel.php(131): Illuminate\\Foundation\\Console\\Kernel->bootstrap()
#7 C:\\wamp64\\www\\midas\\artisan(37): Illuminate\\Foundation\\Console\\Kernel->handle(Object(Symfony\\Component\\Console\\Input\\ArgvInput), Object(Symfony\\Component\\Console\\Output\\ConsoleOutput))
#8 {main}
"} 
[2020-08-20 22:49:54] local.ERROR: Please provide a valid cache path. {"exception":"[object] (InvalidArgumentException(code: 0): Please provide a valid cache path. at C:\\wamp64\\www\\midas\\vendor\\laravel\\framework\\src\\Illuminate\\View\\Compilers\\Compiler.php:36)
[stacktrace]
#0 C:\\wamp64\\www\\midas\\vendor\\laravel\\framework\\src\\Illuminate\\View\\ViewServiceProvider.php(91): Illuminate\\View\\Compilers\\Compiler->__construct(Object(Illuminate\\Filesystem\\Filesystem), false)
#1 C:\\wamp64\\www\\midas\\vendor\\laravel\\framework\\src\\Illuminate\\Container\\Container.php(799): Illuminate\\View\\ViewServiceProvider->Illuminate\\View\\{closure}(Object(Illuminate\\Foundation\\Application), Array)
#2 C:\\wamp64\\www\\midas\\vendor\\laravel\\framework\\src\\Illuminate\\Container\\Container.php(681): Illuminate\\Container\\Container->build(Object(Closure))
#3 C:\\wamp64\\www\\midas\\vendor\\laravel\\framework\\src\\Illuminate\\Foundation\\Application.php(787): Illuminate\\Container\\Container->resolve('blade.compiler', Array, true)
#4 C:\\wamp64\\www\\midas\\vendor\\laravel\\framework\\src\\Illuminate\\Container\\Container.php(629): Illuminate\\Foundation\\Application->resolve('blade.compiler', Array)
#5 C:\\wamp64\\www\\midas\\vendor\\laravel\\framework\\src\\Illuminate\\Foundation\\Application.php(772): Illuminate\\Container\\Container->make('blade.compiler', Array)
#6 C:\\wamp64\\www\\midas\\vendor\\laravel\\framework\\src\\Illuminate\\Container\\Container.php(1245): Illuminate\\Foundation\\Application->make('blade.compiler')
#7 C:\\wamp64\\www\\midas\\vendor\\laravel\\framework\\src\\Illuminate\\View\\ViewServiceProvider.php(151): Illuminate\\Container\\Container->offsetGet('blade.compiler')
#8 [internal function]: Illuminate\\View\\ViewServiceProvider->Illuminate\\View\\{closure}()
#9 C:\\wamp64\\www\\midas\\vendor\\laravel\\framework\\src\\Illuminate\\View\\Engines\\EngineResolver.php(55): call_user_func(Object(Closure))
#10 C:\\wamp64\\www\\midas\\vendor\\facade\\ignition\\src\\IgnitionServiceProvider.php(385): Illuminate\\View\\Engines\\EngineResolver->resolve('blade')
#11 C:\\wamp64\\www\\midas\\vendor\\facade\\ignition\\src\\IgnitionServiceProvider.php(123): Facade\\Ignition\\IgnitionServiceProvider->hasCustomViewEnginesRegistered()
#12 C:\\wamp64\\www\\midas\\vendor\\facade\\ignition\\src\\IgnitionServiceProvider.php(82): Facade\\Ignition\\IgnitionServiceProvider->registerViewEngines()
#13 [internal function]: Facade\\Ignition\\IgnitionServiceProvider->boot()
#14 C:\\wamp64\\www\\midas\\vendor\\laravel\\framework\\src\\Illuminate\\Container\\BoundMethod.php(32): call_user_func_array(Array, Array)
#15 C:\\wamp64\\www\\midas\\vendor\\laravel\\framework\\src\\Illuminate\\Container\\Util.php(36): Illuminate\\Container\\BoundMethod::Illuminate\\Container\\{closure}()
#16 C:\\wamp64\\www\\midas\\vendor\\laravel\\framework\\src\\Illuminate\\Container\\BoundMethod.php(90): Illuminate\\Container\\Util::unwrapIfClosure(Object(Closure))
#17 C:\\wamp64\\www\\midas\\vendor\\laravel\\framework\\src\\Illuminate\\Container\\BoundMethod.php(34): Illuminate\\Container\\BoundMethod::callBoundMethod(Object(Illuminate\\Foundation\\Application), Array, Object(Closure))
#18 C:\\wamp64\\www\\midas\\vendor\\laravel\\framework\\src\\Illuminate\\Container\\Container.php(590): Illuminate\\Container\\BoundMethod::call(Object(Illuminate\\Foundation\\Application), Array, Array, NULL)
#19 C:\\wamp64\\www\\midas\\vendor\\laravel\\framework\\src\\Illuminate\\Foundation\\Application.php(858): Illuminate\\Container\\Container->call(Array)
#20 C:\\wamp64\\www\\midas\\vendor\\laravel\\framework\\src\\Illuminate\\Foundation\\Application.php(841): Illuminate\\Foundation\\Application->bootProvider(Object(Facade\\Ignition\\IgnitionServiceProvider))
#21 [internal function]: Illuminate\\Foundation\\Application->Illuminate\\Foundation\\{closure}(Object(Facade\\Ignition\\IgnitionServiceProvider), 14)
#22 C:\\wamp64\\www\\midas\\vendor\\laravel\\framework\\src\\Illuminate\\Foundation\\Application.php(842): array_walk(Array, Object(Closure))
#23 C:\\wamp64\\www\\midas\\vendor\\laravel\\framework\\src\\Illuminate\\Foundation\\Bootstrap\\BootProviders.php(17): Illuminate\\Foundation\\Application->boot()
#24 C:\\wamp64\\www\\midas\\vendor\\laravel\\framework\\src\\Illuminate\\Foundation\\Application.php(221): Illuminate\\Foundation\\Bootstrap\\BootProviders->bootstrap(Object(Illuminate\\Foundation\\Application))
#25 C:\\wamp64\\www\\midas\\vendor\\laravel\\framework\\src\\Illuminate\\Foundation\\Console\\Kernel.php(311): Illuminate\\Foundation\\Application->bootstrapWith(Array)
#26 C:\\wamp64\\www\\midas\\vendor\\laravel\\framework\\src\\Illuminate\\Foundation\\Console\\Kernel.php(128): Illuminate\\Foundation\\Console\\Kernel->bootstrap()
#27 C:\\wamp64\\www\\midas\\artisan(37): Illuminate\\Foundation\\Console\\Kernel->handle(Object(Symfony\\Component\\Console\\Input\\ArgvInput), Object(Symfony\\Component\\Console\\Output\\ConsoleOutput))
#28 {main}
"} 
[2020-08-20 22:54:33] local.ERROR: Please provide a valid cache path. {"exception":"[object] (InvalidArgumentException(code: 0): Please provide a valid cache path. at C:\\wamp64\\www\\midas\\vendor\\laravel\\framework\\src\\Illuminate\\View\\Compilers\\Compiler.php:36)
[stacktrace]
#0 C:\\wamp64\\www\\midas\\vendor\\laravel\\framework\\src\\Illuminate\\View\\ViewServiceProvider.php(91): Illuminate\\View\\Compilers\\Compiler->__construct(Object(Illuminate\\Filesystem\\Filesystem), false)
#1 C:\\wamp64\\www\\midas\\vendor\\laravel\\framework\\src\\Illuminate\\Container\\Container.php(799): Illuminate\\View\\ViewServiceProvider->Illuminate\\View\\{closure}(Object(Illuminate\\Foundation\\Application), Array)
#2 C:\\wamp64\\www\\midas\\vendor\\laravel\\framework\\src\\Illuminate\\Container\\Container.php(681): Illuminate\\Container\\Container->build(Object(Closure))
#3 C:\\wamp64\\www\\midas\\vendor\\laravel\\framework\\src\\Illuminate\\Foundation\\Application.php(787): Illuminate\\Container\\Container->resolve('blade.compiler', Array, true)
#4 C:\\wamp64\\www\\midas\\vendor\\laravel\\framework\\src\\Illuminate\\Container\\Container.php(629): Illuminate\\Foundation\\Application->resolve('blade.compiler', Array)
#5 C:\\wamp64\\www\\midas\\vendor\\laravel\\framework\\src\\Illuminate\\Foundation\\Application.php(772): Illuminate\\Container\\Container->make('blade.compiler', Array)
#6 C:\\wamp64\\www\\midas\\vendor\\laravel\\framework\\src\\Illuminate\\Container\\Container.php(1245): Illuminate\\Foundation\\Application->make('blade.compiler')
#7 C:\\wamp64\\www\\midas\\vendor\\laravel\\framework\\src\\Illuminate\\View\\ViewServiceProvider.php(151): Illuminate\\Container\\Container->offsetGet('blade.compiler')
#8 [internal function]: Illuminate\\View\\ViewServiceProvider->Illuminate\\View\\{closure}()
#9 C:\\wamp64\\www\\midas\\vendor\\laravel\\framework\\src\\Illuminate\\View\\Engines\\EngineResolver.php(55): call_user_func(Object(Closure))
#10 C:\\wamp64\\www\\midas\\vendor\\facade\\ignition\\src\\IgnitionServiceProvider.php(385): Illuminate\\View\\Engines\\EngineResolver->resolve('blade')
#11 C:\\wamp64\\www\\midas\\vendor\\facade\\ignition\\src\\IgnitionServiceProvider.php(123): Facade\\Ignition\\IgnitionServiceProvider->hasCustomViewEnginesRegistered()
#12 C:\\wamp64\\www\\midas\\vendor\\facade\\ignition\\src\\IgnitionServiceProvider.php(82): Facade\\Ignition\\IgnitionServiceProvider->registerViewEngines()
#13 [internal function]: Facade\\Ignition\\IgnitionServiceProvider->boot()
#14 C:\\wamp64\\www\\midas\\vendor\\laravel\\framework\\src\\Illuminate\\Container\\BoundMethod.php(32): call_user_func_array(Array, Array)
#15 C:\\wamp64\\www\\midas\\vendor\\laravel\\framework\\src\\Illuminate\\Container\\Util.php(36): Illuminate\\Container\\BoundMethod::Illuminate\\Container\\{closure}()
#16 C:\\wamp64\\www\\midas\\vendor\\laravel\\framework\\src\\Illuminate\\Container\\BoundMethod.php(90): Illuminate\\Container\\Util::unwrapIfClosure(Object(Closure))
#17 C:\\wamp64\\www\\midas\\vendor\\laravel\\framework\\src\\Illuminate\\Container\\BoundMethod.php(34): Illuminate\\Container\\BoundMethod::callBoundMethod(Object(Illuminate\\Foundation\\Application), Array, Object(Closure))
#18 C:\\wamp64\\www\\midas\\vendor\\laravel\\framework\\src\\Illuminate\\Container\\Container.php(590): Illuminate\\Container\\BoundMethod::call(Object(Illuminate\\Foundation\\Application), Array, Array, NULL)
#19 C:\\wamp64\\www\\midas\\vendor\\laravel\\framework\\src\\Illuminate\\Foundation\\Application.php(858): Illuminate\\Container\\Container->call(Array)
#20 C:\\wamp64\\www\\midas\\vendor\\laravel\\framework\\src\\Illuminate\\Foundation\\Application.php(841): Illuminate\\Foundation\\Application->bootProvider(Object(Facade\\Ignition\\IgnitionServiceProvider))
#21 [internal function]: Illuminate\\Foundation\\Application->Illuminate\\Foundation\\{closure}(Object(Facade\\Ignition\\IgnitionServiceProvider), 14)
#22 C:\\wamp64\\www\\midas\\vendor\\laravel\\framework\\src\\Illuminate\\Foundation\\Application.php(842): array_walk(Array, Object(Closure))
#23 C:\\wamp64\\www\\midas\\vendor\\laravel\\framework\\src\\Illuminate\\Foundation\\Bootstrap\\BootProviders.php(17): Illuminate\\Foundation\\Application->boot()
#24 C:\\wamp64\\www\\midas\\vendor\\laravel\\framework\\src\\Illuminate\\Foundation\\Application.php(221): Illuminate\\Foundation\\Bootstrap\\BootProviders->bootstrap(Object(Illuminate\\Foundation\\Application))
#25 C:\\wamp64\\www\\midas\\vendor\\laravel\\framework\\src\\Illuminate\\Foundation\\Console\\Kernel.php(311): Illuminate\\Foundation\\Application->bootstrapWith(Array)
#26 C:\\wamp64\\www\\midas\\vendor\\laravel\\framework\\src\\Illuminate\\Foundation\\Console\\Kernel.php(128): Illuminate\\Foundation\\Console\\Kernel->bootstrap()
#27 C:\\wamp64\\www\\midas\\artisan(37): Illuminate\\Foundation\\Console\\Kernel->handle(Object(Symfony\\Component\\Console\\Input\\ArgvInput), Object(Symfony\\Component\\Console\\Output\\ConsoleOutput))
#28 {main}
"} 
[2020-08-20 23:12:38] local.ERROR: Please provide a valid cache path. {"exception":"[object] (InvalidArgumentException(code: 0): Please provide a valid cache path. at C:\\wamp64\\www\\midas\\vendor\\laravel\\framework\\src\\Illuminate\\View\\Compilers\\Compiler.php:36)
[stacktrace]
#0 C:\\wamp64\\www\\midas\\vendor\\laravel\\framework\\src\\Illuminate\\View\\ViewServiceProvider.php(91): Illuminate\\View\\Compilers\\Compiler->__construct(Object(Illuminate\\Filesystem\\Filesystem), false)
#1 C:\\wamp64\\www\\midas\\vendor\\laravel\\framework\\src\\Illuminate\\Container\\Container.php(799): Illuminate\\View\\ViewServiceProvider->Illuminate\\View\\{closure}(Object(Illuminate\\Foundation\\Application), Array)
#2 C:\\wamp64\\www\\midas\\vendor\\laravel\\framework\\src\\Illuminate\\Container\\Container.php(681): Illuminate\\Container\\Container->build(Object(Closure))
#3 C:\\wamp64\\www\\midas\\vendor\\laravel\\framework\\src\\Illuminate\\Foundation\\Application.php(787): Illuminate\\Container\\Container->resolve('blade.compiler', Array, true)
#4 C:\\wamp64\\www\\midas\\vendor\\laravel\\framework\\src\\Illuminate\\Container\\Container.php(629): Illuminate\\Foundation\\Application->resolve('blade.compiler', Array)
#5 C:\\wamp64\\www\\midas\\vendor\\laravel\\framework\\src\\Illuminate\\Foundation\\Application.php(772): Illuminate\\Container\\Container->make('blade.compiler', Array)
#6 C:\\wamp64\\www\\midas\\vendor\\laravel\\framework\\src\\Illuminate\\Container\\Container.php(1245): Illuminate\\Foundation\\Application->make('blade.compiler')
#7 C:\\wamp64\\www\\midas\\vendor\\laravel\\framework\\src\\Illuminate\\View\\ViewServiceProvider.php(151): Illuminate\\Container\\Container->offsetGet('blade.compiler')
#8 [internal function]: Illuminate\\View\\ViewServiceProvider->Illuminate\\View\\{closure}()
#9 C:\\wamp64\\www\\midas\\vendor\\laravel\\framework\\src\\Illuminate\\View\\Engines\\EngineResolver.php(55): call_user_func(Object(Closure))
#10 C:\\wamp64\\www\\midas\\vendor\\facade\\ignition\\src\\IgnitionServiceProvider.php(385): Illuminate\\View\\Engines\\EngineResolver->resolve('blade')
#11 C:\\wamp64\\www\\midas\\vendor\\facade\\ignition\\src\\IgnitionServiceProvider.php(123): Facade\\Ignition\\IgnitionServiceProvider->hasCustomViewEnginesRegistered()
#12 C:\\wamp64\\www\\midas\\vendor\\facade\\ignition\\src\\IgnitionServiceProvider.php(82): Facade\\Ignition\\IgnitionServiceProvider->registerViewEngines()
#13 [internal function]: Facade\\Ignition\\IgnitionServiceProvider->boot()
#14 C:\\wamp64\\www\\midas\\vendor\\laravel\\framework\\src\\Illuminate\\Container\\BoundMethod.php(32): call_user_func_array(Array, Array)
#15 C:\\wamp64\\www\\midas\\vendor\\laravel\\framework\\src\\Illuminate\\Container\\Util.php(36): Illuminate\\Container\\BoundMethod::Illuminate\\Container\\{closure}()
#16 C:\\wamp64\\www\\midas\\vendor\\laravel\\framework\\src\\Illuminate\\Container\\BoundMethod.php(90): Illuminate\\Container\\Util::unwrapIfClosure(Object(Closure))
#17 C:\\wamp64\\www\\midas\\vendor\\laravel\\framework\\src\\Illuminate\\Container\\BoundMethod.php(34): Illuminate\\Container\\BoundMethod::callBoundMethod(Object(Illuminate\\Foundation\\Application), Array, Object(Closure))
#18 C:\\wamp64\\www\\midas\\vendor\\laravel\\framework\\src\\Illuminate\\Container\\Container.php(590): Illuminate\\Container\\BoundMethod::call(Object(Illuminate\\Foundation\\Application), Array, Array, NULL)
#19 C:\\wamp64\\www\\midas\\vendor\\laravel\\framework\\src\\Illuminate\\Foundation\\Application.php(858): Illuminate\\Container\\Container->call(Array)
#20 C:\\wamp64\\www\\midas\\vendor\\laravel\\framework\\src\\Illuminate\\Foundation\\Application.php(841): Illuminate\\Foundation\\Application->bootProvider(Object(Facade\\Ignition\\IgnitionServiceProvider))
#21 [internal function]: Illuminate\\Foundation\\Application->Illuminate\\Foundation\\{closure}(Object(Facade\\Ignition\\IgnitionServiceProvider), 14)
#22 C:\\wamp64\\www\\midas\\vendor\\laravel\\framework\\src\\Illuminate\\Foundation\\Application.php(842): array_walk(Array, Object(Closure))
#23 C:\\wamp64\\www\\midas\\vendor\\laravel\\framework\\src\\Illuminate\\Foundation\\Bootstrap\\BootProviders.php(17): Illuminate\\Foundation\\Application->boot()
#24 C:\\wamp64\\www\\midas\\vendor\\laravel\\framework\\src\\Illuminate\\Foundation\\Application.php(221): Illuminate\\Foundation\\Bootstrap\\BootProviders->bootstrap(Object(Illuminate\\Foundation\\Application))
#25 C:\\wamp64\\www\\midas\\vendor\\laravel\\framework\\src\\Illuminate\\Foundation\\Console\\Kernel.php(311): Illuminate\\Foundation\\Application->bootstrapWith(Array)
#26 C:\\wamp64\\www\\midas\\vendor\\laravel\\framework\\src\\Illuminate\\Foundation\\Console\\Kernel.php(128): Illuminate\\Foundation\\Console\\Kernel->bootstrap()
#27 C:\\wamp64\\www\\midas\\artisan(37): Illuminate\\Foundation\\Console\\Kernel->handle(Object(Symfony\\Component\\Console\\Input\\ArgvInput), Object(Symfony\\Component\\Console\\Output\\ConsoleOutput))
#28 {main}
"} 
[2020-08-20 23:18:25] local.ERROR: Please provide a valid cache path. {"exception":"[object] (InvalidArgumentException(code: 0): Please provide a valid cache path. at C:\\wamp64\\www\\midas\\vendor\\laravel\\framework\\src\\Illuminate\\View\\Compilers\\Compiler.php:36)
[stacktrace]
#0 C:\\wamp64\\www\\midas\\vendor\\laravel\\framework\\src\\Illuminate\\View\\ViewServiceProvider.php(91): Illuminate\\View\\Compilers\\Compiler->__construct(Object(Illuminate\\Filesystem\\Filesystem), false)
#1 C:\\wamp64\\www\\midas\\vendor\\laravel\\framework\\src\\Illuminate\\Container\\Container.php(799): Illuminate\\View\\ViewServiceProvider->Illuminate\\View\\{closure}(Object(Illuminate\\Foundation\\Application), Array)
#2 C:\\wamp64\\www\\midas\\vendor\\laravel\\framework\\src\\Illuminate\\Container\\Container.php(681): Illuminate\\Container\\Container->build(Object(Closure))
#3 C:\\wamp64\\www\\midas\\vendor\\laravel\\framework\\src\\Illuminate\\Foundation\\Application.php(787): Illuminate\\Container\\Container->resolve('blade.compiler', Array, true)
#4 C:\\wamp64\\www\\midas\\vendor\\laravel\\framework\\src\\Illuminate\\Container\\Container.php(629): Illuminate\\Foundation\\Application->resolve('blade.compiler', Array)
#5 C:\\wamp64\\www\\midas\\vendor\\laravel\\framework\\src\\Illuminate\\Foundation\\Application.php(772): Illuminate\\Container\\Container->make('blade.compiler', Array)
#6 C:\\wamp64\\www\\midas\\vendor\\laravel\\framework\\src\\Illuminate\\Container\\Container.php(1245): Illuminate\\Foundation\\Application->make('blade.compiler')
#7 C:\\wamp64\\www\\midas\\vendor\\laravel\\framework\\src\\Illuminate\\View\\ViewServiceProvider.php(151): Illuminate\\Container\\Container->offsetGet('blade.compiler')
#8 [internal function]: Illuminate\\View\\ViewServiceProvider->Illuminate\\View\\{closure}()
#9 C:\\wamp64\\www\\midas\\vendor\\laravel\\framework\\src\\Illuminate\\View\\Engines\\EngineResolver.php(55): call_user_func(Object(Closure))
#10 C:\\wamp64\\www\\midas\\vendor\\facade\\ignition\\src\\IgnitionServiceProvider.php(385): Illuminate\\View\\Engines\\EngineResolver->resolve('blade')
#11 C:\\wamp64\\www\\midas\\vendor\\facade\\ignition\\src\\IgnitionServiceProvider.php(123): Facade\\Ignition\\IgnitionServiceProvider->hasCustomViewEnginesRegistered()
#12 C:\\wamp64\\www\\midas\\vendor\\facade\\ignition\\src\\IgnitionServiceProvider.php(82): Facade\\Ignition\\IgnitionServiceProvider->registerViewEngines()
#13 [internal function]: Facade\\Ignition\\IgnitionServiceProvider->boot()
#14 C:\\wamp64\\www\\midas\\vendor\\laravel\\framework\\src\\Illuminate\\Container\\BoundMethod.php(32): call_user_func_array(Array, Array)
#15 C:\\wamp64\\www\\midas\\vendor\\laravel\\framework\\src\\Illuminate\\Container\\Util.php(36): Illuminate\\Container\\BoundMethod::Illuminate\\Container\\{closure}()
#16 C:\\wamp64\\www\\midas\\vendor\\laravel\\framework\\src\\Illuminate\\Container\\BoundMethod.php(90): Illuminate\\Container\\Util::unwrapIfClosure(Object(Closure))
#17 C:\\wamp64\\www\\midas\\vendor\\laravel\\framework\\src\\Illuminate\\Container\\BoundMethod.php(34): Illuminate\\Container\\BoundMethod::callBoundMethod(Object(Illuminate\\Foundation\\Application), Array, Object(Closure))
#18 C:\\wamp64\\www\\midas\\vendor\\laravel\\framework\\src\\Illuminate\\Container\\Container.php(590): Illuminate\\Container\\BoundMethod::call(Object(Illuminate\\Foundation\\Application), Array, Array, NULL)
#19 C:\\wamp64\\www\\midas\\vendor\\laravel\\framework\\src\\Illuminate\\Foundation\\Application.php(858): Illuminate\\Container\\Container->call(Array)
#20 C:\\wamp64\\www\\midas\\vendor\\laravel\\framework\\src\\Illuminate\\Foundation\\Application.php(841): Illuminate\\Foundation\\Application->bootProvider(Object(Facade\\Ignition\\IgnitionServiceProvider))
#21 [internal function]: Illuminate\\Foundation\\Application->Illuminate\\Foundation\\{closure}(Object(Facade\\Ignition\\IgnitionServiceProvider), 14)
#22 C:\\wamp64\\www\\midas\\vendor\\laravel\\framework\\src\\Illuminate\\Foundation\\Application.php(842): array_walk(Array, Object(Closure))
#23 C:\\wamp64\\www\\midas\\vendor\\laravel\\framework\\src\\Illuminate\\Foundation\\Bootstrap\\BootProviders.php(17): Illuminate\\Foundation\\Application->boot()
#24 C:\\wamp64\\www\\midas\\vendor\\laravel\\framework\\src\\Illuminate\\Foundation\\Application.php(221): Illuminate\\Foundation\\Bootstrap\\BootProviders->bootstrap(Object(Illuminate\\Foundation\\Application))
#25 C:\\wamp64\\www\\midas\\vendor\\laravel\\framework\\src\\Illuminate\\Foundation\\Console\\Kernel.php(311): Illuminate\\Foundation\\Application->bootstrapWith(Array)
#26 C:\\wamp64\\www\\midas\\vendor\\laravel\\framework\\src\\Illuminate\\Foundation\\Console\\Kernel.php(128): Illuminate\\Foundation\\Console\\Kernel->bootstrap()
#27 C:\\wamp64\\www\\midas\\artisan(37): Illuminate\\Foundation\\Console\\Kernel->handle(Object(Symfony\\Component\\Console\\Input\\ArgvInput), Object(Symfony\\Component\\Console\\Output\\ConsoleOutput))
#28 {main}
"} 
